2022-08-25T04:30:44.594390Z  INFO call_return_err: analog_like_risvc: going to log error
2022-08-25T04:30:44.638339Z ERROR call_return_err: analog_like_risvc: error err=
   0: [91mSomething went wrong[0m

Location:
   [35msrc\main.rs[0m:[35m34[0m

  â”â”â”â”â”â”â”â”â”â”â”â”â”â”â”â”â”â”â”â”â”â”â”â”â”â”â”â”â”â”â”â”â”â” SPANTRACE â”â”â”â”â”â”â”â”â”â”â”â”â”â”â”â”â”â”â”â”â”â”â”â”â”â”â”â”â”â”â”â”â”â”â”

   0: [91manalog_like_risvc[0m[91m::[0m[91mreturn_err[0m
      at [35msrc\main.rs[0m:[35m32[0m
   1: [91manalog_like_risvc[0m[91m::[0m[91mcall_return_err[0m
      at [35msrc\main.rs[0m:[35m37[0m

  â”â”â”â”â”â”â”â”â”â”â”â”â”â”â”â”â”â”â”â”â”â”â”â”â”â”â”â”â”â”â”â”â”â” BACKTRACE â”â”â”â”â”â”â”â”â”â”â”â”â”â”â”â”â”â”â”â”â”â”â”â”â”â”â”â”â”â”â”â”â”â”â”
  [96m                              â‹® 11 frames hidden â‹®                              [0m
  12: [91manalog_like_risvc::return_err[0m[90m<unknown>[0m
      at [35mE:\analog_like_risvc\src\main.rs[0m:[35m34[0m
  13: [91manalog_like_risvc::call_return_err[0m[90m<unknown>[0m
      at [35mE:\analog_like_risvc\src\main.rs[0m:[35m40[0m
  14: [91manalog_like_risvc::main[0m[90m<unknown>[0m
      at [35mE:\analog_like_risvc\src\main.rs[0m:[35m70[0m
  15: [32mcore::ops::function::FnOnce::call_once<enum$<core::result::Result<tuple$<>,eyre::Report>, 1, 18446744073709551615, Err> (*)(),tuple$<> >[0m[90m<unknown>[0m
      at [35m/rustc/4b91a6ea7258a947e59c6522cd5898e7c0a6a88f\library\core\src\ops\function.rs[0m:[35m248[0m
  [96m                              â‹® 17 frames hidden â‹®                              [0m

Run with COLORBT_SHOW_HIDDEN=1 environment variable to disable frame filtering.
Run with RUST_BACKTRACE=full to include source snippets.
